<?xml version="1.0" encoding="UTF-8"?>
<!-- Generated by org.testng.reporters.JUnitXMLReporter -->
<testsuite hostname="MYSHEC200402L" ignored="0" name="TestNG test1" tests="3" failures="0" timestamp="20 Jun 2018 05:54:10 GMT" time="0.06" errors="0">
  <testcase name="f" time="0.007" classname="MavenDemo.MavenTestDemo"/>
  <testcase name="test2" time="0.007" classname="MavenDemo.TestNGClass2"/>
  <testcase name="test1" time="0.013" classname="MavenDemo.TestNGClass2"/>
</testsuite> <!-- TestNG test1 -->
