<?xml version="1.0" encoding="UTF-8"?>
<testng-results skipped="0" failed="0" ignored="0" total="2" passed="2">
  <reporter-output>
  </reporter-output>
  <suite name="Surefire suite" duration-ms="69" started-at="2018-06-20T05:54:52Z" finished-at="2018-06-20T05:54:52Z">
    <groups>
    </groups>
    <test name="Surefire test" duration-ms="69" started-at="2018-06-20T05:54:52Z" finished-at="2018-06-20T05:54:52Z">
      <class name="MavenDemo.TestNGClass2">
        <test-method status="PASS" signature="beforeClass()[pri:0, instance:MavenDemo.TestNGClass2@b684286]" name="beforeClass" is-config="true" duration-ms="35" started-at="2018-06-20T05:54:52Z" finished-at="2018-06-20T05:54:52Z">
          <reporter-output>
          </reporter-output>
        </test-method> <!-- beforeClass -->
        <test-method status="PASS" signature="test1()[pri:0, instance:MavenDemo.TestNGClass2@b684286]" name="test1" duration-ms="1" started-at="2018-06-20T05:54:52Z" finished-at="2018-06-20T05:54:52Z">
          <reporter-output>
          </reporter-output>
        </test-method> <!-- test1 -->
        <test-method status="PASS" signature="beforeMethod()[pri:0, instance:MavenDemo.TestNGClass2@b684286]" name="beforeMethod" is-config="true" duration-ms="0" started-at="2018-06-20T05:54:52Z" finished-at="2018-06-20T05:54:52Z">
          <reporter-output>
          </reporter-output>
        </test-method> <!-- beforeMethod -->
        <test-method status="PASS" signature="afterMethod()[pri:0, instance:MavenDemo.TestNGClass2@b684286]" name="afterMethod" is-config="true" duration-ms="0" started-at="2018-06-20T05:54:52Z" finished-at="2018-06-20T05:54:52Z">
          <reporter-output>
          </reporter-output>
        </test-method> <!-- afterMethod -->
        <test-method status="PASS" signature="test2()[pri:0, instance:MavenDemo.TestNGClass2@b684286]" name="test2" duration-ms="0" started-at="2018-06-20T05:54:52Z" finished-at="2018-06-20T05:54:52Z">
          <reporter-output>
          </reporter-output>
        </test-method> <!-- test2 -->
        <test-method status="PASS" signature="beforeMethod()[pri:0, instance:MavenDemo.TestNGClass2@b684286]" name="beforeMethod" is-config="true" duration-ms="0" started-at="2018-06-20T05:54:52Z" finished-at="2018-06-20T05:54:52Z">
          <reporter-output>
          </reporter-output>
        </test-method> <!-- beforeMethod -->
        <test-method status="PASS" signature="afterClass()[pri:0, instance:MavenDemo.TestNGClass2@b684286]" name="afterClass" is-config="true" duration-ms="0" started-at="2018-06-20T05:54:52Z" finished-at="2018-06-20T05:54:52Z">
          <reporter-output>
          </reporter-output>
        </test-method> <!-- afterClass -->
        <test-method status="PASS" signature="afterMethod()[pri:0, instance:MavenDemo.TestNGClass2@b684286]" name="afterMethod" is-config="true" duration-ms="0" started-at="2018-06-20T05:54:52Z" finished-at="2018-06-20T05:54:52Z">
          <reporter-output>
          </reporter-output>
        </test-method> <!-- afterMethod -->
      </class> <!-- MavenDemo.TestNGClass2 -->
    </test> <!-- Surefire test -->
  </suite> <!-- Surefire suite -->
</testng-results>
