<?xml version="1.0" encoding="UTF-8"?>
<testng-results skipped="0" failed="0" ignored="0" total="3" passed="3">
  <reporter-output>
  </reporter-output>
  <suite name="TestNGSuite" duration-ms="60" started-at="2018-06-20T05:54:10Z" finished-at="2018-06-20T05:54:10Z">
    <groups>
    </groups>
    <test name="TestNG test1" duration-ms="60" started-at="2018-06-20T05:54:10Z" finished-at="2018-06-20T05:54:10Z">
      <class name="MavenDemo.MavenTestDemo">
        <test-method status="PASS" signature="f()[pri:0, instance:MavenDemo.MavenTestDemo@d2cc05a]" name="f" duration-ms="7" started-at="2018-06-20T05:54:10Z" finished-at="2018-06-20T05:54:10Z">
          <reporter-output>
          </reporter-output>
        </test-method> <!-- f -->
      </class> <!-- MavenDemo.MavenTestDemo -->
      <class name="MavenDemo.TestNGClass2">
        <test-method status="PASS" signature="beforeClass()[pri:0, instance:MavenDemo.TestNGClass2@4f933fd1]" name="beforeClass" is-config="true" duration-ms="18" started-at="2018-06-20T05:54:10Z" finished-at="2018-06-20T05:54:10Z">
          <reporter-output>
          </reporter-output>
        </test-method> <!-- beforeClass -->
        <test-method status="PASS" signature="beforeMethod()[pri:0, instance:MavenDemo.TestNGClass2@4f933fd1]" name="beforeMethod" is-config="true" duration-ms="0" started-at="2018-06-20T05:54:10Z" finished-at="2018-06-20T05:54:10Z">
          <reporter-output>
          </reporter-output>
        </test-method> <!-- beforeMethod -->
        <test-method status="PASS" signature="test1()[pri:0, instance:MavenDemo.TestNGClass2@4f933fd1]" name="test1" duration-ms="13" started-at="2018-06-20T05:54:10Z" finished-at="2018-06-20T05:54:10Z">
          <reporter-output>
          </reporter-output>
        </test-method> <!-- test1 -->
        <test-method status="PASS" signature="beforeMethod()[pri:0, instance:MavenDemo.TestNGClass2@4f933fd1]" name="beforeMethod" is-config="true" duration-ms="0" started-at="2018-06-20T05:54:10Z" finished-at="2018-06-20T05:54:10Z">
          <reporter-output>
          </reporter-output>
        </test-method> <!-- beforeMethod -->
        <test-method status="PASS" signature="test2()[pri:0, instance:MavenDemo.TestNGClass2@4f933fd1]" name="test2" duration-ms="7" started-at="2018-06-20T05:54:10Z" finished-at="2018-06-20T05:54:10Z">
          <reporter-output>
          </reporter-output>
        </test-method> <!-- test2 -->
        <test-method status="PASS" signature="afterMethod()[pri:0, instance:MavenDemo.TestNGClass2@4f933fd1]" name="afterMethod" is-config="true" duration-ms="0" started-at="2018-06-20T05:54:10Z" finished-at="2018-06-20T05:54:10Z">
          <reporter-output>
          </reporter-output>
        </test-method> <!-- afterMethod -->
        <test-method status="PASS" signature="afterMethod()[pri:0, instance:MavenDemo.TestNGClass2@4f933fd1]" name="afterMethod" is-config="true" duration-ms="0" started-at="2018-06-20T05:54:10Z" finished-at="2018-06-20T05:54:10Z">
          <reporter-output>
          </reporter-output>
        </test-method> <!-- afterMethod -->
        <test-method status="PASS" signature="afterClass()[pri:0, instance:MavenDemo.TestNGClass2@4f933fd1]" name="afterClass" is-config="true" duration-ms="0" started-at="2018-06-20T05:54:10Z" finished-at="2018-06-20T05:54:10Z">
          <reporter-output>
          </reporter-output>
        </test-method> <!-- afterClass -->
      </class> <!-- MavenDemo.TestNGClass2 -->
    </test> <!-- TestNG test1 -->
  </suite> <!-- TestNGSuite -->
</testng-results>
